2023-10-03 15:39:48,361 [Worker-3: Loading available Gradle versions] INFO  o.e.b.c.i.u.g.PublishedGradleVersions - Gradle version information cache is up-to-date. Trying to read.
2023-10-03 15:40:39,331 [Worker-22: Building] INFO  o.e.m.c.i.l.LifecycleMappingFactory - Using org.eclipse.m2e.jdt.JarLifecycleMapping lifecycle mapping for MavenProject: com.example:BuildFlow:0.0.1-SNAPSHOT @ C:\Users\Chamith\Documents\3rd year Projects\BuildFlow\Backend\pom.xml.
2023-10-03 15:40:40,356 [Worker-22: Building] INFO  o.a.m.s.f.DefaultMavenResourcesFiltering - skip non existing resourceDirectory C:\Users\Chamith\Documents\3rd year Projects\BuildFlow\Backend\src\test\resources
2023-10-03 15:40:40,861 [Worker-18: Updating Maven Dependencies] INFO  o.e.m.c.i.l.LifecycleMappingFactory - Using org.eclipse.m2e.jdt.JarLifecycleMapping lifecycle mapping for MavenProject: com.example:BuildFlow:0.0.1-SNAPSHOT @ C:\Users\Chamith\Documents\3rd year Projects\BuildFlow\Backend\pom.xml.
2023-10-03 15:40:42,050 [Worker-1: Building] INFO  o.a.m.s.f.DefaultMavenResourcesFiltering - Copying 1 resource from src\main\resources to target\classes
2023-10-03 15:40:42,068 [Worker-1: Building] INFO  o.a.m.s.f.DefaultMavenResourcesFiltering - Copying 0 resource from src\main\resources to target\classes
2023-10-03 15:40:42,071 [Worker-1: Building] INFO  o.a.m.s.f.DefaultMavenResourcesFiltering - skip non existing resourceDirectory C:\Users\Chamith\Documents\3rd year Projects\BuildFlow\Backend\src\test\resources
2023-10-04 01:34:21,070 [Worker-1: Loading available Gradle versions] INFO  o.e.b.c.i.u.g.PublishedGradleVersions - Gradle version information cache is out-of-date. Trying to update.
2023-10-04 01:34:58,901 [Worker-10: Building] INFO  o.a.m.s.f.DefaultMavenResourcesFiltering - Copying 1 resource from src\main\resources to target\classes
2023-10-04 01:34:58,920 [Worker-10: Building] INFO  o.a.m.s.f.DefaultMavenResourcesFiltering - Copying 0 resource from src\main\resources to target\classes
2023-10-04 01:34:58,924 [Worker-10: Building] INFO  o.a.m.s.f.DefaultMavenResourcesFiltering - skip non existing resourceDirectory C:\Users\Chamith\Documents\3rd year Projects\BuildFlow\Backend\src\test\resources
2023-10-04 01:35:54,094 [Worker-15: Launching Puzzle_HashSet] INFO  o.a.m.s.f.DefaultMavenResourcesFiltering - Copying 1 resource from src\main\resources to target\classes
2023-10-04 01:35:54,103 [Worker-15: Launching Puzzle_HashSet] INFO  o.a.m.s.f.DefaultMavenResourcesFiltering - Copying 0 resource from src\main\resources to target\classes
2023-10-04 01:35:54,107 [Worker-15: Launching Puzzle_HashSet] INFO  o.a.m.s.f.DefaultMavenResourcesFiltering - skip non existing resourceDirectory C:\Users\Chamith\Documents\3rd year Projects\BuildFlow\Backend\src\test\resources
2023-10-04 01:39:12,937 [Worker-17: Launching Puzzle_HashSet] INFO  o.a.m.s.f.DefaultMavenResourcesFiltering - Copying 1 resource from src\main\resources to target\classes
2023-10-04 01:39:12,943 [Worker-17: Launching Puzzle_HashSet] INFO  o.a.m.s.f.DefaultMavenResourcesFiltering - Copying 0 resource from src\main\resources to target\classes
2023-10-04 01:39:12,954 [Worker-17: Launching Puzzle_HashSet] INFO  o.a.m.s.f.DefaultMavenResourcesFiltering - skip non existing resourceDirectory C:\Users\Chamith\Documents\3rd year Projects\BuildFlow\Backend\src\test\resources
2023-10-04 01:46:34,508 [Worker-34: Building] INFO  o.a.m.s.f.DefaultMavenResourcesFiltering - Copying 1 resource from src\main\resources to target\classes
2023-10-04 01:46:34,513 [Worker-34: Building] INFO  o.a.m.s.f.DefaultMavenResourcesFiltering - Copying 0 resource from src\main\resources to target\classes
2023-10-04 01:46:34,516 [Worker-34: Building] INFO  o.a.m.s.f.DefaultMavenResourcesFiltering - skip non existing resourceDirectory C:\Users\Chamith\Documents\3rd year Projects\BuildFlow\Backend\src\test\resources
